<?xml version="1.0" encoding="UTF-8"?>
<!-- Generated by org.testng.reporters.JUnitReportReporter -->
<testsuite hostname="Bharath" failures="0" tests="4" name="com.application.tests.ApiTest" time="5.095" errors="0" timestamp="2025-01-22T09:02:01 IST" skipped="0">
  <testcase classname="com.application.tests.ApiTest" name="createRepositoryForValidUser" time="3.629"/>
  <testcase classname="com.application.tests.ApiTest" name="updateRepositoryForValidUser" time="0.530"/>
  <testcase classname="com.application.tests.ApiTest" name="getRepositoryForValidUser" time="0.437"/>
  <testcase classname="com.application.tests.ApiTest" name="deleteRepositoryForValidUser" time="0.499"/>
</testsuite> <!-- com.application.tests.ApiTest -->
